<?xml version="1.0" encoding="UTF-8"?>
<testsuite name="SimpleSearchEngineTest" tests="1" skipped="0" failures="0" errors="0" timestamp="2020-10-28T19:28:16" hostname="W764DEV" time="0.4">
  <properties/>
  <testcase name="start" classname="SimpleSearchEngineTest" time="0.4"/>
  <system-out><![CDATA[?[1;31m
Start test 1?[0m
=== Menu ===
1. Find a person
2. Print all people
0. Exit
> 1

Select a matching strategy: ALL, ANY, NONE
> ANY

Enter a name or email to search all suitable people.
> bob gallien@evilcorp.com
Bob Yeh bobyeah@gmail.com
Shannan Bob stropeshah@gmail.com
Carlene Bob
Agripina Bob
Bob Mans
Pasquale Gallien gallien@evilcorp.com
Gerardo Strouth gallien@evilcorp.com
Angelita Wigington gallien@evilcorp.com
Demetria Hostetler gallien@evilcorp.com
=== Menu ===
1. Find a person
2. Print all people
0. Exit
> 2
Kristofer Galley
Fernando Marbury fernando_marbury@gmail.com
Kristyn Nix nix-kris@gmail.com
Regenia Enderle
Malena Gray
Colette Mattei
Wendolyn Mcphillips
Jim Gray
Coreen Beckham
Bob Yeh bobyeah@gmail.com
Shannan Bob stropeshah@gmail.com
Yer Fillion
Margene Resendez marres@gmail.com
Blossom Ambler
Teri Ledet teri_ledet@gmail.com
Dana Baron baron@gmail.com
Abram Goldsberry
Yer Leopold
Stefania Trunzo
Alexis Leopold
Carlene Bob
Oliver Dacruz
Jonie Richter
Pasquale Gallien gallien@evilcorp.com
Verdie Gentle
Gerardo Strouth gallien@evilcorp.com
Agripina Bob
Latricia Niebuhr
Malena Schommer
Drema Leopold
Heide Payeur
Ranae Digiovanni
Simona Pereira
Nick Digiovanni
Angelita Wigington gallien@evilcorp.com
Elin Gray
Dwain Trunzo
Boris Beiler
Remi Malek fsociefy@gmail.com
Demetria Hostetler gallien@evilcorp.com
Nydia Mcduffie
Florencio Defibaugh
Warner Giblin
Bob Mans
Shu Gray
Kaycee Gray
Victorina Froehlich victory@gmail.com
Roseanne Gray
Erica Radford hisam@gmail.com
Elyse Pauling
=== Menu ===
1. Find a person
2. Print all people
0. Exit
> 1

Select a matching strategy: ALL, ANY, NONE
> NONE

Enter a name or email to search all suitable people.
> bob gallien@evilcorp.com
Kristofer Galley
Fernando Marbury fernando_marbury@gmail.com
Kristyn Nix nix-kris@gmail.com
Regenia Enderle
Malena Gray
Malena Schommer
Jim Gray
Elin Gray
Shu Gray
Kaycee Gray
Roseanne Gray
Colette Mattei
Wendolyn Mcphillips
Coreen Beckham
Yer Fillion
Yer Leopold
Margene Resendez marres@gmail.com
Blossom Ambler
Teri Ledet teri_ledet@gmail.com
Dana Baron baron@gmail.com
Abram Goldsberry
Alexis Leopold
Drema Leopold
Stefania Trunzo
Dwain Trunzo
Oliver Dacruz
Jonie Richter
Verdie Gentle
Latricia Niebuhr
Heide Payeur
Ranae Digiovanni
Nick Digiovanni
Simona Pereira
Boris Beiler
Remi Malek fsociefy@gmail.com
Nydia Mcduffie
Florencio Defibaugh
Warner Giblin
Victorina Froehlich victory@gmail.com
Erica Radford hisam@gmail.com
Elyse Pauling
=== Menu ===
1. Find a person
2. Print all people
0. Exit
> 0

Bye!
?[1;31m
Start test 2?[0m
=== Menu ===
1. Find a person
2. Print all people
0. Exit
> 2
Kristofer Galley
Fernando Marbury fernando_marbury@gmail.com
Kristyn Nix nix-kris@gmail.com
Regenia Enderle
Malena Gray
Colette Mattei
Wendolyn Mcphillips
Jim Gray
Coreen Beckham
Bob Yeh bobyeah@gmail.com
Shannan Bob stropeshah@gmail.com
Yer Fillion
Margene Resendez marres@gmail.com
Blossom Ambler
Teri Ledet teri_ledet@gmail.com
Dana Baron baron@gmail.com
Abram Goldsberry
Yer Leopold
Stefania Trunzo
Alexis Leopold
Carlene Bob
Oliver Dacruz
Jonie Richter
Pasquale Gallien gallien@evilcorp.com
Verdie Gentle
Gerardo Strouth gallien@evilcorp.com
Agripina Bob
Latricia Niebuhr
Malena Schommer
Drema Leopold
Heide Payeur
Ranae Digiovanni
Simona Pereira
Nick Digiovanni
Angelita Wigington gallien@evilcorp.com
Elin Gray
Dwain Trunzo
Boris Beiler
Remi Malek fsociefy@gmail.com
Demetria Hostetler gallien@evilcorp.com
Nydia Mcduffie
Florencio Defibaugh
Warner Giblin
Bob Mans
Shu Gray
Kaycee Gray
Victorina Froehlich victory@gmail.com
Roseanne Gray
Erica Radford hisam@gmail.com
Elyse Pauling
=== Menu ===
1. Find a person
2. Print all people
0. Exit
> 1

Select a matching strategy: ALL, ANY, NONE
> ALL

Enter a name or email to search all suitable people.
> this text never gonna be matched
No matching people found.
=== Menu ===
1. Find a person
2. Print all people
0. Exit
> 2
Kristofer Galley
Fernando Marbury fernando_marbury@gmail.com
Kristyn Nix nix-kris@gmail.com
Regenia Enderle
Malena Gray
Colette Mattei
Wendolyn Mcphillips
Jim Gray
Coreen Beckham
Bob Yeh bobyeah@gmail.com
Shannan Bob stropeshah@gmail.com
Yer Fillion
Margene Resendez marres@gmail.com
Blossom Ambler
Teri Ledet teri_ledet@gmail.com
Dana Baron baron@gmail.com
Abram Goldsberry
Yer Leopold
Stefania Trunzo
Alexis Leopold
Carlene Bob
Oliver Dacruz
Jonie Richter
Pasquale Gallien gallien@evilcorp.com
Verdie Gentle
Gerardo Strouth gallien@evilcorp.com
Agripina Bob
Latricia Niebuhr
Malena Schommer
Drema Leopold
Heide Payeur
Ranae Digiovanni
Simona Pereira
Nick Digiovanni
Angelita Wigington gallien@evilcorp.com
Elin Gray
Dwain Trunzo
Boris Beiler
Remi Malek fsociefy@gmail.com
Demetria Hostetler gallien@evilcorp.com
Nydia Mcduffie
Florencio Defibaugh
Warner Giblin
Bob Mans
Shu Gray
Kaycee Gray
Victorina Froehlich victory@gmail.com
Roseanne Gray
Erica Radford hisam@gmail.com
Elyse Pauling
=== Menu ===
1. Find a person
2. Print all people
0. Exit
> 0

Bye!
]]></system-out>
  <system-err><![CDATA[]]></system-err>
</testsuite>
